[2020-11-24 14:45:27] - [INFO] - Je suis prêt !
[2020-11-24 14:47:49] - [INFO] - Je suis prêt !
[2020-11-24 14:53:12] - [WARN] - Attempting to register an invalid command object: [object Object]; skipping.
[2020-11-24 14:53:13] - [INFO] - Je suis prêt !
[2020-11-24 14:53:51] - [WARN] - Attempting to register an invalid command object: [object Object]; skipping.
[2020-11-24 14:53:51] - [WARN] - Attempting to register an invalid command object: [object Object]; skipping.
[2020-11-24 14:53:51] - [WARN] - Attempting to register an invalid command object: [object Object]; skipping.
[2020-11-24 14:53:51] - [INFO] - Je suis prêt !
[2020-11-24 14:58:00] - [WARN] - Attempting to register an invalid command object: [object Object]; skipping.
[2020-11-24 14:58:00] - [WARN] - Attempting to register an invalid command object: [object Object]; skipping.
[2020-11-24 14:58:00] - [WARN] - Attempting to register an invalid command object: [object Object]; skipping.
[2020-11-24 14:58:00] - [INFO] - Je suis prêt !
[2020-11-24 14:59:21] - [WARN] - Attempting to register an invalid command object: [object Object]; skipping.
[2020-11-24 14:59:21] - [WARN] - Attempting to register an invalid command object: [object Object]; skipping.
[2020-11-24 14:59:21] - [WARN] - Attempting to register an invalid command object: [object Object]; skipping.
[2020-11-24 14:59:22] - [INFO] - Je suis prêt !
[2020-11-24 15:00:23] - [WARN] - Attempting to register an invalid command object: [object Object]; skipping.
[2020-11-24 15:00:23] - [WARN] - Attempting to register an invalid command object: [object Object]; skipping.
[2020-11-24 15:00:23] - [WARN] - Attempting to register an invalid command object: [object Object]; skipping.
[2020-11-24 15:00:23] - [INFO] - Je suis prêt !
[2020-11-24 15:01:28] - [WARN] - Attempting to register an invalid command object: [object Object]; skipping.
[2020-11-24 15:01:28] - [WARN] - Attempting to register an invalid command object: [object Object]; skipping.
[2020-11-24 15:01:28] - [WARN] - Attempting to register an invalid command object: [object Object]; skipping.
[2020-11-24 15:01:28] - [INFO] - Je suis prêt !
[2020-11-24 15:02:12] - [WARN] - Attempting to register an invalid command object: [object Object]; skipping.
[2020-11-24 15:02:12] - [WARN] - Attempting to register an invalid command object: [object Object]; skipping.
[2020-11-24 15:02:12] - [WARN] - Attempting to register an invalid command object: [object Object]; skipping.
[2020-11-24 15:02:12] - [INFO] - Je suis prêt !
[2020-11-24 15:02:52] - [WARN] - Attempting to register an invalid command object: [object Object]; skipping.
[2020-11-24 15:02:52] - [WARN] - Attempting to register an invalid command object: [object Object]; skipping.
[2020-11-24 15:02:52] - [WARN] - Attempting to register an invalid command object: [object Object]; skipping.
[2020-11-24 15:02:53] - [INFO] - Je suis prêt !
[2020-11-24 15:04:04] - [WARN] - Attempting to register an invalid command object: [object Object]; skipping.
[2020-11-24 15:04:04] - [WARN] - Attempting to register an invalid command object: [object Object]; skipping.
[2020-11-24 15:04:04] - [WARN] - Attempting to register an invalid command object: [object Object]; skipping.
[2020-11-24 15:04:05] - [INFO] - Je suis prêt !
[2020-11-24 15:04:43] - [WARN] - Attempting to register an invalid command object: [object Object]; skipping.
[2020-11-24 15:04:43] - [WARN] - Attempting to register an invalid command object: [object Object]; skipping.
[2020-11-24 15:04:43] - [WARN] - Attempting to register an invalid command object: [object Object]; skipping.
[2020-11-24 15:04:44] - [INFO] - Je suis prêt !
[2020-11-24 15:05:09] - [WARN] - Attempting to register an invalid command object: [object Object]; skipping.
[2020-11-24 15:05:09] - [WARN] - Attempting to register an invalid command object: [object Object]; skipping.
[2020-11-24 15:05:09] - [WARN] - Attempting to register an invalid command object: [object Object]; skipping.
[2020-11-24 15:05:09] - [INFO] - Je suis prêt !
[2020-11-24 15:10:44] - [WARN] - Attempting to register an invalid command object: [object Object]; skipping.
[2020-11-24 15:10:44] - [WARN] - Attempting to register an invalid command object: [object Object]; skipping.
[2020-11-24 15:10:44] - [WARN] - Attempting to register an invalid command object: [object Object]; skipping.
[2020-11-24 15:10:45] - [INFO] - Je suis prêt !
[2020-11-24 15:11:57] - [WARN] - Attempting to register an invalid command object: [object Object]; skipping.
[2020-11-24 15:11:57] - [WARN] - Attempting to register an invalid command object: [object Object]; skipping.
[2020-11-24 15:11:57] - [WARN] - Attempting to register an invalid command object: [object Object]; skipping.
[2020-11-24 15:11:58] - [INFO] - Je suis prêt !
[2020-11-24 15:12:21] - [WARN] - Attempting to register an invalid command object: [object Object]; skipping.
[2020-11-24 15:12:21] - [WARN] - Attempting to register an invalid command object: [object Object]; skipping.
[2020-11-24 15:12:21] - [WARN] - Attempting to register an invalid command object: [object Object]; skipping.
[2020-11-24 15:12:21] - [INFO] - Je suis prêt !
[2020-11-24 15:13:13] - [WARN] - Attempting to register an invalid command object: [object Object]; skipping.
[2020-11-24 15:13:13] - [WARN] - Attempting to register an invalid command object: [object Object]; skipping.
[2020-11-24 15:13:13] - [WARN] - Attempting to register an invalid command object: [object Object]; skipping.
[2020-11-24 15:13:13] - [INFO] - Je suis prêt !
[2020-11-24 15:15:16] - [WARN] - Attempting to register an invalid command object: [object Object]; skipping.
[2020-11-24 15:15:16] - [WARN] - Attempting to register an invalid command object: [object Object]; skipping.
[2020-11-24 15:15:16] - [WARN] - Attempting to register an invalid command object: [object Object]; skipping.
[2020-11-24 15:15:16] - [INFO] - Je suis prêt !
[2020-11-24 15:22:18] - [WARN] - Attempting to register an invalid command object: [object Object]; skipping.
[2020-11-24 15:22:18] - [ERROR] - Group "role_binder" is not registered.
[2020-11-24 15:23:32] - [WARN] - Attempting to register an invalid command object: [object Object]; skipping.
[2020-11-24 15:23:32] - [WARN] - Attempting to register an invalid command object: [object Object]; skipping.
[2020-11-24 15:23:33] - [INFO] - Je suis prêt !
[2020-11-24 15:31:05] - [WARN] - Attempting to register an invalid command object: [object Object]; skipping.
[2020-11-24 15:31:05] - [WARN] - Attempting to register an invalid command object: [object Object]; skipping.
[2020-11-24 15:31:06] - [INFO] - Je suis prêt !
[2020-11-24 15:31:41] - [WARN] - Attempting to register an invalid command object: [object Object]; skipping.
[2020-11-24 15:31:41] - [WARN] - Attempting to register an invalid command object: [object Object]; skipping.
[2020-11-24 15:31:42] - [INFO] - Je suis prêt !
[2020-11-24 15:39:50] - [WARN] - Attempting to register an invalid command object: [object Object]; skipping.
[2020-11-24 15:39:50] - [WARN] - Attempting to register an invalid command object: [object Object]; skipping.
[2020-11-24 15:39:51] - [INFO] - Je suis prêt !
[2020-11-24 15:45:17] - [WARN] - Attempting to register an invalid command object: [object Object]; skipping.
[2020-11-24 15:45:18] - [INFO] - Je suis prêt !
[2020-11-24 15:46:21] - [WARN] - Attempting to register an invalid command object: [object Object]; skipping.
[2020-11-24 15:46:22] - [INFO] - Je suis prêt !
[2020-11-24 15:52:32] - [ERROR] - Identifier 'react' has already been declared
[2020-11-24 15:54:54] - [ERROR] - Identifier 'react4' has already been declared
[2020-11-24 15:55:19] - [WARN] - Attempting to register an invalid command object: [object Object]; skipping.
[2020-11-24 15:55:20] - [INFO] - Je suis prêt !
[2020-11-24 16:06:44] - [WARN] - Attempting to register an invalid command object: [object Object]; skipping.
[2020-11-24 16:06:45] - [INFO] - Je suis prêt !
[2020-11-24 16:21:52] - [INFO] - Je suis prêt !
[2020-11-24 16:23:35] - [INFO] - Je suis prêt !
[2020-11-24 16:24:56] - [INFO] - Je suis prêt !
[2020-11-24 16:25:35] - [INFO] - Je suis prêt !
[2020-11-24 16:33:19] - [INFO] - Je suis prêt !
[2020-11-24 16:35:12] - [INFO] - Je suis prêt !
[2020-11-24 16:36:32] - [INFO] - Je suis prêt !
[2020-11-24 16:40:58] - [INFO] - Je suis prêt !
[2020-11-24 16:42:20] - [INFO] - Je suis prêt !
[2020-11-24 16:43:57] - [INFO] - Je suis prêt !
[2020-11-24 16:44:27] - [INFO] - Je suis prêt !
[2020-11-24 16:48:38] - [INFO] - Je suis prêt !
[2020-11-24 16:50:47] - [INFO] - Je suis prêt !
[2020-11-24 16:54:04] - [INFO] - Je suis prêt !
[2020-11-24 16:55:36] - [INFO] - Je suis prêt !
[2020-11-24 17:00:06] - [INFO] - Je suis prêt !
[2020-11-24 17:01:09] - [INFO] - Je suis prêt !
[2020-11-24 17:03:44] - [INFO] - Je suis prêt !
[2020-11-24 17:05:36] - [INFO] - Je suis prêt !
[2020-11-24 17:08:29] - [INFO] - Je suis prêt !
[2020-11-24 17:09:23] - [INFO] - Je suis prêt !
[2020-11-24 17:10:26] - [INFO] - Je suis prêt !
[2020-11-24 17:15:12] - [INFO] - Je suis prêt !
[2020-11-24 17:20:30] - [INFO] - Je suis prêt !
[2020-11-24 17:22:11] - [INFO] - Je suis prêt !
[2020-11-24 17:22:48] - [INFO] - Je suis prêt !
[2020-11-24 17:23:56] - [INFO] - Je suis prêt !
[2020-11-24 17:32:55] - [INFO] - Je suis prêt !
[2020-11-24 17:36:35] - [INFO] - Je suis prêt !
[2020-11-24 17:37:34] - [INFO] - Je suis prêt !
[2020-11-24 17:41:00] - [INFO] - Je suis prêt !
[2020-11-24 17:42:17] - [INFO] - Je suis prêt !
[2020-11-24 18:25:18] - [INFO] - Je suis prêt !
[2020-11-24 18:31:19] - [ERROR] - Identifier 'react11' has already been declared
[2020-11-24 18:31:46] - [INFO] - Je suis prêt !
[2020-11-24 18:32:49] - [INFO] - Je suis prêt !
[2020-11-24 18:34:04] - [INFO] - Je suis prêt !
[2020-11-24 19:03:53] - [INFO] - Je suis prêt !
[2020-11-24 19:12:44] - [INFO] - Je suis prêt !
